<?xml version="1.0" encoding="UTF-8"?>
<!-- Generated by org.testng.reporters.JUnitReportReporter -->
<testsuite hostname="DESKTOP-FGSNC6I" failures="0" tests="10" name="WebDemoShopLoginPage.LoginPage" time="7.666" errors="0" timestamp="2025-07-24T21:04:28 IST" skipped="0">
  <testcase classname="WebDemoShopLoginPage.LoginPage" name="loginClick" time="0.569"/>
  <testcase classname="WebDemoShopLoginPage.LoginPage" name="emptyPasswordAndEmail" time="0.776"/>
  <testcase classname="WebDemoShopLoginPage.LoginPage" name="emptyEmail" time="0.661"/>
  <testcase classname="WebDemoShopLoginPage.LoginPage" name="emptyPassword" time="0.644"/>
  <testcase classname="WebDemoShopLoginPage.LoginPage" name="invalidFormat" time="0.203"/>
  <testcase classname="WebDemoShopLoginPage.LoginPage" name="validEmailAndIncorrctPassword" time="1.571"/>
  <testcase classname="WebDemoShopLoginPage.LoginPage" name="validEmailAndEmptyPassword" time="1.379"/>
  <testcase classname="WebDemoShopLoginPage.LoginPage" name="unregisteredEmailAndCorrectPassword" time="0.904"/>
  <testcase classname="WebDemoShopLoginPage.LoginPage" name="registeredEmailAndIncorrectPassword" time="0.814"/>
  <testcase classname="WebDemoShopLoginPage.LoginPage" name="registeredEmailAndPassword" time="0.145"/>
</testsuite> <!-- WebDemoShopLoginPage.LoginPage -->
