<?xml version="1.0" encoding="UTF-8"?>
<!-- Generated by org.testng.reporters.JUnitReportReporter -->
<testsuite hostname="DESKTOP-FGSNC6I" failures="0" tests="8" name="com.DemoWebShop.Login.LoginPage" time="10.418" errors="0" timestamp="2025-08-23T21:57:30 IST" skipped="0">
  <testcase classname="com.DemoWebShop.Login.LoginPage" name="emptyPasswordAndEmail" time="0.689"/>
  <testcase classname="com.DemoWebShop.Login.LoginPage" name="invalidEmailFormat" time="0.545"/>
  <testcase classname="com.DemoWebShop.Login.LoginPage" name="validEmailFormatAndIncorrctPassword" time="2.422"/>
  <testcase classname="com.DemoWebShop.Login.LoginPage" name="validEmailAndEmptyPassword" time="1.983"/>
  <testcase classname="com.DemoWebShop.Login.LoginPage" name="unregisteredEmailAndCorrectPassword" time="0.653"/>
  <testcase classname="com.DemoWebShop.Login.LoginPage" name="registeredEmailAndIncorrectPassword" time="1.492"/>
  <testcase classname="com.DemoWebShop.Login.LoginPage" name="registeredEmailAndPassword" time="0.128"/>
  <testcase classname="com.DemoWebShop.Login.LoginPage" name="logoutButton" time="2.506"/>
</testsuite> <!-- com.DemoWebShop.Login.LoginPage -->
