<?xml version="1.0" encoding="UTF-8"?>
<!-- Generated by org.testng.reporters.JUnitReportReporter -->
<testsuite hostname="DESKTOP-FGSNC6I" failures="0" tests="9" name="com.DemoWebShop.Registration.RegistrationPage" time="15.111" errors="0" timestamp="2025-08-30T21:40:54 IST" skipped="0">
  <testcase classname="com.DemoWebShop.Registration.RegistrationPage" name="allMandatoryField" time="0.958"/>
  <testcase classname="com.DemoWebShop.Registration.RegistrationPage" name="invalidEmailFormat" time="1.973"/>
  <testcase classname="com.DemoWebShop.Registration.RegistrationPage" name="lesserPasswordThanSix" time="1.804"/>
  <testcase classname="com.DemoWebShop.Registration.RegistrationPage" name="misMatchPasswordAndConfirmPassword" time="1.916"/>
  <testcase classname="com.DemoWebShop.Registration.RegistrationPage" name="enteringRegisteredEmail" time="4.094"/>
  <testcase classname="com.DemoWebShop.Registration.RegistrationPage" name="invalidFirstName" time="1.258"/>
  <testcase classname="com.DemoWebShop.Registration.RegistrationPage" name="invalidLastName" time="1.022"/>
  <testcase classname="com.DemoWebShop.Registration.RegistrationPage" name="invalidPasswordFormat" time="1.020"/>
  <testcase classname="com.DemoWebShop.Registration.RegistrationPage" name="allValidEntry" time="1.066"/>
</testsuite> <!-- com.DemoWebShop.Registration.RegistrationPage -->
