<?xml version="1.0" encoding="UTF-8"?>
<!-- Generated by org.testng.reporters.JUnitReportReporter -->
<testsuite hostname="DESKTOP-FGSNC6I" failures="0" tests="10" name="com.DemoWebShop.Cart.CartTest" time="151.403" errors="0" timestamp="2025-08-31T14:13:16 IST" skipped="0">
  <testcase classname="com.DemoWebShop.Cart.CartTest" name="confirmMessage" time="5.670"/>
  <testcase classname="com.DemoWebShop.Cart.CartTest" name="productConfirmationInCartAddFromMainWindow" time="6.622"/>
  <testcase classname="com.DemoWebShop.Cart.CartTest" name="productConfirmationInCartAddFromEachProductWindow" time="23.083"/>
  <testcase classname="com.DemoWebShop.Cart.CartTest" name="inCartQuantityValueChange" time="26.381"/>
  <testcase classname="com.DemoWebShop.Cart.CartTest" name="couponFieldLeftBlank" time="6.838"/>
  <testcase classname="com.DemoWebShop.Cart.CartTest" name="invalidcouponField" time="23.356"/>
  <testcase classname="com.DemoWebShop.Cart.CartTest" name="giftCardFieldBlank" time="6.572"/>
  <testcase classname="com.DemoWebShop.Cart.CartTest" name="invalidGiftCardField" time="24.383"/>
  <testcase classname="com.DemoWebShop.Cart.CartTest" name="subTotalCheck" time="22.306"/>
  <testcase classname="com.DemoWebShop.Cart.CartTest" name="checkTermOfService" time="6.192"/>
</testsuite> <!-- com.DemoWebShop.Cart.CartTest -->
