<?xml version="1.0" encoding="UTF-8"?>
<!-- Generated by org.testng.reporters.JUnitReportReporter -->
<testsuite hostname="DESKTOP-FGSNC6I" failures="0" tests="4" name="com.DemoWebShop.PasswordRecovery.PasswordRecovery" time="3.656" errors="0" timestamp="2025-08-22T19:56:04 IST" skipped="0">
  <testcase classname="com.DemoWebShop.PasswordRecovery.PasswordRecovery" name="fieldBlank" time="0.160"/>
  <testcase classname="com.DemoWebShop.PasswordRecovery.PasswordRecovery" name="unregisteredEmail" time="1.380"/>
  <testcase classname="com.DemoWebShop.PasswordRecovery.PasswordRecovery" name="invalidFormatedEmail" time="0.483"/>
  <testcase classname="com.DemoWebShop.PasswordRecovery.PasswordRecovery" name="validEmail" time="1.633"/>
</testsuite> <!-- com.DemoWebShop.PasswordRecovery.PasswordRecovery -->
