<?xml version="1.0" encoding="UTF-8"?>
<!-- Generated by org.testng.reporters.JUnitReportReporter -->
<testsuite hostname="DESKTOP-FGSNC6I" failures="0" tests="10" name="com.DemoWebShop.Cart.CartTest" time="140.636" errors="0" timestamp="2025-08-23T21:57:30 IST" skipped="0">
  <testcase classname="com.DemoWebShop.Cart.CartTest" name="confirmMessage" time="5.114"/>
  <testcase classname="com.DemoWebShop.Cart.CartTest" name="productConfirmationInCartAddFromMainWindow" time="6.529"/>
  <testcase classname="com.DemoWebShop.Cart.CartTest" name="productConfirmationInCartAddFromEachProductWindow" time="23.167"/>
  <testcase classname="com.DemoWebShop.Cart.CartTest" name="inCartQuantityValueChange" time="21.753"/>
  <testcase classname="com.DemoWebShop.Cart.CartTest" name="couponFieldLeftBlank" time="6.728"/>
  <testcase classname="com.DemoWebShop.Cart.CartTest" name="invalidcouponField" time="21.039"/>
  <testcase classname="com.DemoWebShop.Cart.CartTest" name="giftCardFieldBlank" time="7.879"/>
  <testcase classname="com.DemoWebShop.Cart.CartTest" name="invalidGiftCardField" time="22.493"/>
  <testcase classname="com.DemoWebShop.Cart.CartTest" name="subTotalCheck" time="20.394"/>
  <testcase classname="com.DemoWebShop.Cart.CartTest" name="checkTermOfService" time="5.540"/>
</testsuite> <!-- com.DemoWebShop.Cart.CartTest -->
