<?xml version="1.0" encoding="UTF-8"?>
<!-- Generated by org.testng.reporters.JUnitReportReporter -->
<testsuite hostname="DESKTOP-FGSNC6I" failures="0" tests="8" name="com.DemoWebShop.Login.LoginPage" time="13.832" errors="0" timestamp="2025-08-22T19:56:04 IST" skipped="0">
  <testcase classname="com.DemoWebShop.Login.LoginPage" name="emptyPasswordAndEmail" time="0.746"/>
  <testcase classname="com.DemoWebShop.Login.LoginPage" name="invalidEmailFormat" time="0.806"/>
  <testcase classname="com.DemoWebShop.Login.LoginPage" name="validEmailFormatAndIncorrctPassword" time="2.312"/>
  <testcase classname="com.DemoWebShop.Login.LoginPage" name="validEmailAndEmptyPassword" time="2.534"/>
  <testcase classname="com.DemoWebShop.Login.LoginPage" name="unregisteredEmailAndCorrectPassword" time="1.452"/>
  <testcase classname="com.DemoWebShop.Login.LoginPage" name="registeredEmailAndIncorrectPassword" time="2.848"/>
  <testcase classname="com.DemoWebShop.Login.LoginPage" name="registeredEmailAndPassword" time="1.976"/>
  <testcase classname="com.DemoWebShop.Login.LoginPage" name="logoutButton" time="1.158"/>
</testsuite> <!-- com.DemoWebShop.Login.LoginPage -->
