<?xml version="1.0" encoding="UTF-8"?>
<!-- Generated by org.testng.reporters.JUnitReportReporter -->
<testsuite hostname="DESKTOP-FGSNC6I" failures="0" tests="4" name="com.DemoWebShop.PasswordRecovery.PasswordRecovery" time="6.133" errors="0" timestamp="2025-08-31T13:02:27 IST" skipped="0">
  <testcase classname="com.DemoWebShop.PasswordRecovery.PasswordRecovery" name="fieldBlank" time="0.502"/>
  <testcase classname="com.DemoWebShop.PasswordRecovery.PasswordRecovery" name="unregisteredEmail" time="1.813"/>
  <testcase classname="com.DemoWebShop.PasswordRecovery.PasswordRecovery" name="invalidFormatedEmail" time="0.431"/>
  <testcase classname="com.DemoWebShop.PasswordRecovery.PasswordRecovery" name="validEmail" time="3.387"/>
</testsuite> <!-- com.DemoWebShop.PasswordRecovery.PasswordRecovery -->
