<?xml version="1.0" encoding="UTF-8"?>
<!-- Generated by org.testng.reporters.JUnitReportReporter -->
<testsuite hostname="DESKTOP-FGSNC6I" failures="0" tests="4" name="com.DemoWebShop.PasswordRecovery.PasswordRecovery" time="4.130" errors="0" timestamp="2025-08-23T21:57:30 IST" skipped="0">
  <testcase classname="com.DemoWebShop.PasswordRecovery.PasswordRecovery" name="fieldBlank" time="0.112"/>
  <testcase classname="com.DemoWebShop.PasswordRecovery.PasswordRecovery" name="unregisteredEmail" time="1.691"/>
  <testcase classname="com.DemoWebShop.PasswordRecovery.PasswordRecovery" name="invalidFormatedEmail" time="0.319"/>
  <testcase classname="com.DemoWebShop.PasswordRecovery.PasswordRecovery" name="validEmail" time="2.008"/>
</testsuite> <!-- com.DemoWebShop.PasswordRecovery.PasswordRecovery -->
