<?xml version="1.0" encoding="UTF-8"?>
<!-- Generated by org.testng.reporters.JUnitReportReporter -->
<testsuite hostname="DESKTOP-FGSNC6I" failures="0" tests="9" name="com.DemoWebShop.Registration.RegistrationPage" time="13.834" errors="0" timestamp="2025-08-22T19:56:04 IST" skipped="0">
  <testcase classname="com.DemoWebShop.Registration.RegistrationPage" name="allMandatoryField" time="0.616"/>
  <testcase classname="com.DemoWebShop.Registration.RegistrationPage" name="invalidEmailFormat" time="1.856"/>
  <testcase classname="com.DemoWebShop.Registration.RegistrationPage" name="lesserPasswordThanSix" time="1.794"/>
  <testcase classname="com.DemoWebShop.Registration.RegistrationPage" name="misMatchPasswordAndConfirmPassword" time="1.915"/>
  <testcase classname="com.DemoWebShop.Registration.RegistrationPage" name="enteringRegisteredEmail" time="3.348"/>
  <testcase classname="com.DemoWebShop.Registration.RegistrationPage" name="invalidFirstName" time="1.095"/>
  <testcase classname="com.DemoWebShop.Registration.RegistrationPage" name="invalidLastName" time="1.067"/>
  <testcase classname="com.DemoWebShop.Registration.RegistrationPage" name="invalidPasswordFormat" time="0.999"/>
  <testcase classname="com.DemoWebShop.Registration.RegistrationPage" name="allValidEntry" time="1.144"/>
</testsuite> <!-- com.DemoWebShop.Registration.RegistrationPage -->
