<?xml version="1.0" encoding="UTF-8"?>
<!-- Generated by org.testng.reporters.JUnitReportReporter -->
<testsuite hostname="DESKTOP-FGSNC6I" failures="0" tests="8" name="com.DemoWebShop.Login.LoginPage" time="13.458" errors="0" timestamp="2025-08-31T12:49:49 IST" skipped="0">
  <testcase classname="com.DemoWebShop.Login.LoginPage" name="emptyPasswordAndEmail" time="1.329"/>
  <testcase classname="com.DemoWebShop.Login.LoginPage" name="invalidEmailFormat" time="0.835"/>
  <testcase classname="com.DemoWebShop.Login.LoginPage" name="validEmailFormatAndIncorrctPassword" time="2.694"/>
  <testcase classname="com.DemoWebShop.Login.LoginPage" name="validEmailAndEmptyPassword" time="1.942"/>
  <testcase classname="com.DemoWebShop.Login.LoginPage" name="unregisteredEmailAndCorrectPassword" time="0.919"/>
  <testcase classname="com.DemoWebShop.Login.LoginPage" name="registeredEmailAndIncorrectPassword" time="2.465"/>
  <testcase classname="com.DemoWebShop.Login.LoginPage" name="registeredEmailAndPassword" time="2.146"/>
  <testcase classname="com.DemoWebShop.Login.LoginPage" name="logoutButton" time="1.128"/>
</testsuite> <!-- com.DemoWebShop.Login.LoginPage -->
